[debug] [2023-03-02T17:13:18.068Z] ----------------------------------------------------------------------
[debug] [2023-03-02T17:13:18.070Z] Command:       C:\Program Files\nodejs\node.exe C:\Users\aarya\AppData\Roaming\npm\node_modules\firebase-tools\lib\bin\firebase.js init
[debug] [2023-03-02T17:13:18.071Z] CLI Version:   11.24.0
[debug] [2023-03-02T17:13:18.071Z] Platform:      win32
[debug] [2023-03-02T17:13:18.071Z] Node Version:  v18.13.0
[debug] [2023-03-02T17:13:18.071Z] Time:          Thu Mar 02 2023 22:43:18 GMT+0530 (India Standard Time)
[debug] [2023-03-02T17:13:18.072Z] ----------------------------------------------------------------------
[debug] 
[debug] [2023-03-02T17:13:18.154Z] > command requires scopes: ["email","openid","https://www.googleapis.com/auth/cloudplatformprojects.readonly","https://www.googleapis.com/auth/firebase","https://www.googleapis.com/auth/cloud-platform"]
[debug] [2023-03-02T17:13:18.154Z] > authorizing via signed-in user (aaryanraj.115@gmail.com)
[info] 
     ######## #### ########  ######## ########     ###     ######  ########
     ##        ##  ##     ## ##       ##     ##  ##   ##  ##       ##
     ######    ##  ########  ######   ########  #########  ######  ######
     ##        ##  ##    ##  ##       ##     ## ##     ##       ## ##
     ##       #### ##     ## ######## ########  ##     ##  ######  ########

You're about to initialize a Firebase project in this directory:

  C:\Users\aarya\Downloads\angular-crud-v15-standalone-firebase-main\banking-crud-app

Before we get started, keep in mind:

  * You are initializing within an existing Firebase project directory

[info] 
=== Project Setup
[info] 
[info] First, let's associate this project directory with a Firebase project.
[info] You can create multiple project aliases by running firebase use --add, 
[info] but for now we'll just set up a default project.
[info] 
[debug] [2023-03-02T17:13:45.278Z] >>> [apiv2][query] GET https://firebase.googleapis.com/v1beta1/projects pageSize=100
[debug] [2023-03-02T17:13:47.071Z] <<< [apiv2][status] GET https://firebase.googleapis.com/v1beta1/projects 200
[debug] [2023-03-02T17:13:47.072Z] <<< [apiv2][body] GET https://firebase.googleapis.com/v1beta1/projects [omitted]
[info] i  Using project banking-crud (banking-crud) 
[info] 
=== Database Setup
[info] i  database: ensuring required API firebasedatabase.googleapis.com is enabled... 
[debug] [2023-03-02T17:13:54.117Z] >>> [apiv2][query] GET https://serviceusage.googleapis.com/v1/projects/banking-crud/services/firebasedatabase.googleapis.com [none]
[debug] [2023-03-02T17:13:54.117Z] >>> [apiv2][(partial)header] GET https://serviceusage.googleapis.com/v1/projects/banking-crud/services/firebasedatabase.googleapis.com x-goog-quota-user=projects/banking-crud
[debug] [2023-03-02T17:13:56.276Z] <<< [apiv2][status] GET https://serviceusage.googleapis.com/v1/projects/banking-crud/services/firebasedatabase.googleapis.com 200
[debug] [2023-03-02T17:13:56.276Z] <<< [apiv2][body] GET https://serviceusage.googleapis.com/v1/projects/banking-crud/services/firebasedatabase.googleapis.com [omitted]
[warn] !  database: missing required API firebasedatabase.googleapis.com. Enabling now... 
[debug] [2023-03-02T17:13:56.278Z] >>> [apiv2][query] POST https://serviceusage.googleapis.com/v1/projects/banking-crud/services/firebasedatabase.googleapis.com:enable [none]
[debug] [2023-03-02T17:13:56.278Z] >>> [apiv2][(partial)header] POST https://serviceusage.googleapis.com/v1/projects/banking-crud/services/firebasedatabase.googleapis.com:enable x-goog-quota-user=projects/banking-crud
[debug] [2023-03-02T17:13:58.099Z] <<< [apiv2][status] POST https://serviceusage.googleapis.com/v1/projects/banking-crud/services/firebasedatabase.googleapis.com:enable 200
[debug] [2023-03-02T17:13:58.099Z] <<< [apiv2][body] POST https://serviceusage.googleapis.com/v1/projects/banking-crud/services/firebasedatabase.googleapis.com:enable [omitted]
[debug] [2023-03-02T17:14:08.105Z] >>> [apiv2][query] GET https://serviceusage.googleapis.com/v1/projects/banking-crud/services/firebasedatabase.googleapis.com [none]
[debug] [2023-03-02T17:14:08.105Z] >>> [apiv2][(partial)header] GET https://serviceusage.googleapis.com/v1/projects/banking-crud/services/firebasedatabase.googleapis.com x-goog-quota-user=projects/banking-crud
[debug] [2023-03-02T17:14:09.779Z] <<< [apiv2][status] GET https://serviceusage.googleapis.com/v1/projects/banking-crud/services/firebasedatabase.googleapis.com 200
[debug] [2023-03-02T17:14:09.780Z] <<< [apiv2][body] GET https://serviceusage.googleapis.com/v1/projects/banking-crud/services/firebasedatabase.googleapis.com [omitted]
[info] +  database: required API firebasedatabase.googleapis.com is enabled 
[info] 
[debug] [2023-03-02T17:14:09.788Z] >>> [apiv2][query] GET https://firebase.googleapis.com/v1beta1/projects/banking-crud [none]
[debug] [2023-03-02T17:14:10.380Z] <<< [apiv2][status] GET https://firebase.googleapis.com/v1beta1/projects/banking-crud 200
[debug] [2023-03-02T17:14:10.380Z] <<< [apiv2][body] GET https://firebase.googleapis.com/v1beta1/projects/banking-crud {"projectId":"banking-crud","projectNumber":"643112743595","displayName":"banking-crud","name":"projects/banking-crud","resources":{"hostingSite":"banking-crud"},"state":"ACTIVE","etag":"1_576b7500-e6df-46b3-b518-c2681037e2e5"}
[debug] [2023-03-02T17:14:53.228Z] >>> [apiv2][query] POST https://firebasedatabase.googleapis.com/v1beta/projects/banking-crud/locations/us-central1/instances databaseId=banking-crud-default-rtdb&validateOnly=true
[debug] [2023-03-02T17:14:53.228Z] >>> [apiv2][body] POST https://firebasedatabase.googleapis.com/v1beta/projects/banking-crud/locations/us-central1/instances {"type":"default_database"}
[debug] [2023-03-02T17:14:54.334Z] <<< [apiv2][status] POST https://firebasedatabase.googleapis.com/v1beta/projects/banking-crud/locations/us-central1/instances 200
[debug] [2023-03-02T17:14:54.335Z] <<< [apiv2][body] POST https://firebasedatabase.googleapis.com/v1beta/projects/banking-crud/locations/us-central1/instances {"name":"projects/643112743595/locations/us-central1/instances/banking-crud-default-rtdb","project":"projects/643112743595","databaseUrl":"https://banking-crud-default-rtdb.firebaseio.com","type":"DEFAULT_DATABASE","state":"ACTIVE"}
[debug] [2023-03-02T17:14:54.337Z] >>> [apiv2][query] POST https://firebasedatabase.googleapis.com/v1beta/projects/banking-crud/locations/us-central1/instances databaseId=banking-crud-default-rtdb
[debug] [2023-03-02T17:14:54.337Z] >>> [apiv2][body] POST https://firebasedatabase.googleapis.com/v1beta/projects/banking-crud/locations/us-central1/instances {"type":"default_database"}
[debug] [2023-03-02T17:14:55.562Z] <<< [apiv2][status] POST https://firebasedatabase.googleapis.com/v1beta/projects/banking-crud/locations/us-central1/instances 200
[debug] [2023-03-02T17:14:55.562Z] <<< [apiv2][body] POST https://firebasedatabase.googleapis.com/v1beta/projects/banking-crud/locations/us-central1/instances {"name":"projects/643112743595/locations/us-central1/instances/banking-crud-default-rtdb","project":"projects/643112743595","databaseUrl":"https://banking-crud-default-rtdb.firebaseio.com","type":"DEFAULT_DATABASE","state":"ACTIVE"}
[info] 
[info] Firebase Realtime Database Security Rules allow you to define how your data should be
[info] structured and when your data can be read from and written to.
[info] 
[debug] [2023-03-02T17:15:48.493Z] >>> [apiv2][query] GET https://banking-crud-default-rtdb.firebaseio.com/.settings/rules.json [none]
[debug] [2023-03-02T17:15:49.621Z] <<< [apiv2][status] GET https://banking-crud-default-rtdb.firebaseio.com/.settings/rules.json 200
[debug] [2023-03-02T17:15:49.622Z] <<< [apiv2][body] GET https://banking-crud-default-rtdb.firebaseio.com/.settings/rules.json [stream]
[info] +  Database Rules for banking-crud-default-rtdb have been written to database.rules.json. 
[info] Future modifications to database.rules.json will update Realtime Database Security Rules when you run
[info] firebase deploy.
[info] 
=== Hosting Setup
[info] 
[info] Your public directory is the folder (relative to your project directory) that
[info] will contain Hosting assets to be uploaded with firebase deploy. If you
[info] have a build process for your assets, use your build's output directory.
[info] 
[debug] [2023-03-02T17:16:50.237Z] >>> [apiv2][query] GET https://www.gstatic.com/firebasejs/releases.json [none]
[debug] [2023-03-02T17:16:50.323Z] <<< [apiv2][status] GET https://www.gstatic.com/firebasejs/releases.json 200
[debug] [2023-03-02T17:16:50.323Z] <<< [apiv2][body] GET https://www.gstatic.com/firebasejs/releases.json {"current":{"version":"9.17.1","browserURL":"https://www.gstatic.com/firebasejs/9.17.1/firebase.js","packageURL":"https://www.gstatic.com/firebasejs/9.17.1/firebase.tgz"},"live":{"version":"9.17","browserURL":"https://www.gstatic.com/firebasejs/live/9.17/firebase.js","packageURL":"https://www.gstatic.com/firebasejs/live/9.17/firebase.tgz"},"components":{"analytics":"https://www.gstatic.com/firebasejs/9.17.1/firebase-analytics.js","app":"https://www.gstatic.com/firebasejs/9.17.1/firebase-app.js","app-check":"https://www.gstatic.com/firebasejs/9.17.1/firebase-app-check.js","auth":"https://www.gstatic.com/firebasejs/9.17.1/firebase-auth.js","auth/cordova":"https://www.gstatic.com/firebasejs/9.17.1/firebase-auth/cordova.js","auth/react-native":"https://www.gstatic.com/firebasejs/9.17.1/firebase-auth/react-native.js","functions":"https://www.gstatic.com/firebasejs/9.17.1/firebase-functions.js","firestore":"https://www.gstatic.com/firebasejs/9.17.1/firebase-firestore.js","firestore/lite":"https://www.gstatic.com/firebasejs/9.17.1/firebase-firestore/lite.js","installations":"https://www.gstatic.com/firebasejs/9.17.1/firebase-installations.js","storage":"https://www.gstatic.com/firebasejs/9.17.1/firebase-storage.js","performance":"https://www.gstatic.com/firebasejs/9.17.1/firebase-performance.js","remote-config":"https://www.gstatic.com/firebasejs/9.17.1/firebase-remote-config.js","messaging":"https://www.gstatic.com/firebasejs/9.17.1/firebase-messaging.js","messaging/sw":"https://www.gstatic.com/firebasejs/9.17.1/firebase-messaging/sw.js","database":"https://www.gstatic.com/firebasejs/9.17.1/firebase-database.js","firestore.memory":"https://www.gstatic.com/firebasejs/9.17.1/firebase-firestore.memory.js"}}
[info] +  Wrote public/index.html 
[info] 
[info] i  Didn't detect a .git folder. Assuming C:\Users\aarya\Downloads\angular-crud-v15-standalone-firebase-main\banking-crud-app is the project root. 
[info] i  Authorizing with GitHub to upload your service account to a GitHub repository's secrets store. 
[info] 
[info] Visit this URL on this device to log in:
[info] https://github.com/login/oauth/authorize?client_id=89cf50f02ac6aaed3484&state=1061241761&redirect_uri=http%3A%2F%2Flocalhost%3A9005&scope=read%3Auser%20repo%20public_repo
[info] 
[info] Waiting for authentication...
[debug] [2023-03-02T17:17:34.348Z] >>> [apiv2][query] POST https://github.com/login/oauth/access_token [none]
[debug] [2023-03-02T17:17:34.348Z] >>> [apiv2][body] POST https://github.com/login/oauth/access_token [stream]
[debug] [2023-03-02T17:17:34.901Z] <<< [apiv2][status] POST https://github.com/login/oauth/access_token 200
[debug] [2023-03-02T17:17:34.901Z] <<< [apiv2][body] POST https://github.com/login/oauth/access_token {"access_token":"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","token_type":"bearer","scope":"read:user,repo"}
[debug] [2023-03-02T17:17:34.910Z] >>> [apiv2][query] GET https://api.github.com/user [none]
[debug] [2023-03-02T17:17:35.614Z] <<< [apiv2][status] GET https://api.github.com/user 200
[debug] [2023-03-02T17:17:35.614Z] <<< [apiv2][body] GET https://api.github.com/user {"login":"ar7775","id":73234871,"node_id":"MDQ6VXNlcjczMjM0ODcx","avatar_url":"https://avatars.githubusercontent.com/u/73234871?v=4","gravatar_id":"","url":"https://api.github.com/users/ar7775","html_url":"https://github.com/ar7775","followers_url":"https://api.github.com/users/ar7775/followers","following_url":"https://api.github.com/users/ar7775/following{/other_user}","gists_url":"https://api.github.com/users/ar7775/gists{/gist_id}","starred_url":"https://api.github.com/users/ar7775/starred{/owner}{/repo}","subscriptions_url":"https://api.github.com/users/ar7775/subscriptions","organizations_url":"https://api.github.com/users/ar7775/orgs","repos_url":"https://api.github.com/users/ar7775/repos","events_url":"https://api.github.com/users/ar7775/events{/privacy}","received_events_url":"https://api.github.com/users/ar7775/received_events","type":"User","site_admin":false,"name":"Aryan Raj","company":null,"blog":"","location":null,"email":null,"hireable":null,"bio":null,"twitter_username":null,"public_repos":10,"public_gists":0,"followers":0,"following":3,"created_at":"2020-10-21T12:53:16Z","updated_at":"2023-02-05T16:00:51Z","private_gists":0,"total_private_repos":0,"owned_private_repos":0,"disk_usage":8207,"collaborators":0,"two_factor_authentication":false,"plan":{"name":"free","space":976562499,"collaborators":0,"private_repos":10000}}
[info] 
[info] +  Success! Logged into GitHub as ar7775 
[info] 
